<?xml version="1.0" encoding="UTF-8" ?>
<testsuite tests="1" failures="0" name="testRunner.testRunnerTest" time="25.005" errors="1" skipped="0">
  <properties>
[...]
</properties>
  <testcase classname="KYC Form functional Tests" name="Submit KYC form with valid data #2" time="25.005">
    <error message="chrome not reachable
  (Session info: chrome=90.0.4430.85)
Build info: version: &apos;3.141.59&apos;, revision: &apos;e82be7d358&apos;, time: &apos;2018-11-14T08:17:03&apos;
System info: host: &apos;Amjads-MacBook-Pro.local&apos;, ip: &apos;2400:adc5:131:6400:0:0:0:5%en0&apos;, os.name: &apos;Mac OS X&apos;, os.arch: &apos;x86_64&apos;, os.version: &apos;10.16&apos;, java.version: &apos;15.0.2&apos;
Driver info: org.openqa.selenium.chrome.ChromeDriver
Capabilities {acceptInsecureCerts: false, browserName: chrome, browserVersion: 90.0.4430.85, chrome: {chromedriverVersion: 89.0.4389.23 (61b08ee2c5002..., userDataDir: /var/folders/g5/_sr9_ck1351...}, goog:chromeOptions: {debuggerAddress: localhost:59562}, javascriptEnabled: true, networkConnectionEnabled: false, pageLoadStrategy: normal, platform: MAC, platformName: MAC, proxy: Proxy(), setWindowRect: true, strictFileInteractability: false, timeouts: {implicit: 0, pageLoad: 300000, script: 30000}, unhandledPromptBehavior: dismiss and notify, webauthn:extension:largeBlob: true, webauthn:virtualAuthenticators: true}
Session ID: d76d22afc405a30b5597f2e52bfb7e9e
*** Element info: {Using=xpath, value=//header/div[1]/div[1]/nav[1]/div[1]/div[3]/div[3]/div[1]/span[1]/img[1]}" type="org.openqa.selenium.WebDriverException">org.openqa.selenium.WebDriverException: chrome not reachable
  (Session info: chrome=90.0.4430.85)
Build info: version: &apos;3.141.59&apos;, revision: &apos;e82be7d358&apos;, time: &apos;2018-11-14T08:17:03&apos;
System info: host: &apos;Amjads-MacBook-Pro.local&apos;, ip: &apos;2400:adc5:131:6400:0:0:0:5%en0&apos;, os.name: &apos;Mac OS X&apos;, os.arch: &apos;x86_64&apos;, os.version: &apos;10.16&apos;, java.version: &apos;15.0.2&apos;
Driver info: org.openqa.selenium.chrome.ChromeDriver
Capabilities {acceptInsecureCerts: false, browserName: chrome, browserVersion: 90.0.4430.85, chrome: {chromedriverVersion: 89.0.4389.23 (61b08ee2c5002..., userDataDir: /var/folders/g5/_sr9_ck1351...}, goog:chromeOptions: {debuggerAddress: localhost:59562}, javascriptEnabled: true, networkConnectionEnabled: false, pageLoadStrategy: normal, platform: MAC, platformName: MAC, proxy: Proxy(), setWindowRect: true, strictFileInteractability: false, timeouts: {implicit: 0, pageLoad: 300000, script: 30000}, unhandledPromptBehavior: dismiss and notify, webauthn:extension:largeBlob: true, webauthn:virtualAuthenticators: true}
Session ID: d76d22afc405a30b5597f2e52bfb7e9e
*** Element info: {Using=xpath, value=//header/div[1]/div[1]/nav[1]/div[1]/div[3]/div[3]/div[1]/span[1]/img[1]}
	at java.base/jdk.internal.reflect.NativeConstructorAccessorImpl.newInstance0(Native Method)
	at java.base/jdk.internal.reflect.NativeConstructorAccessorImpl.newInstance(NativeConstructorAccessorImpl.java:64)
	at java.base/jdk.internal.reflect.DelegatingConstructorAccessorImpl.newInstance(DelegatingConstructorAccessorImpl.java:45)
	at java.base/java.lang.reflect.Constructor.newInstanceWithCaller(Constructor.java:500)
	at java.base/java.lang.reflect.Constructor.newInstance(Constructor.java:481)
	at org.openqa.selenium.remote.http.W3CHttpResponseCodec.createException(W3CHttpResponseCodec.java:187)
	at org.openqa.selenium.remote.http.W3CHttpResponseCodec.decode(W3CHttpResponseCodec.java:122)
	at org.openqa.selenium.remote.http.W3CHttpResponseCodec.decode(W3CHttpResponseCodec.java:49)
	at org.openqa.selenium.remote.HttpCommandExecutor.execute(HttpCommandExecutor.java:158)
	at org.openqa.selenium.remote.service.DriverCommandExecutor.execute(DriverCommandExecutor.java:83)
	at org.openqa.selenium.remote.RemoteWebDriver.execute(RemoteWebDriver.java:552)
	at org.openqa.selenium.remote.RemoteWebDriver.findElement(RemoteWebDriver.java:323)
	at org.openqa.selenium.remote.RemoteWebDriver.findElementByXPath(RemoteWebDriver.java:428)
	at org.openqa.selenium.By$ByXPath.findElement(By.java:353)
	at org.openqa.selenium.remote.RemoteWebDriver.findElement(RemoteWebDriver.java:315)
	at org.openqa.selenium.support.pagefactory.DefaultElementLocator.findElement(DefaultElementLocator.java:69)
	at org.openqa.selenium.support.pagefactory.internal.LocatingElementHandler.invoke(LocatingElementHandler.java:38)
	at com.sun.proxy.$Proxy20.isDisplayed(Unknown Source)
	at org.openqa.selenium.support.ui.ExpectedConditions.elementIfVisible(ExpectedConditions.java:314)
	at org.openqa.selenium.support.ui.ExpectedConditions.access$000(ExpectedConditions.java:43)
	at org.openqa.selenium.support.ui.ExpectedConditions$10.apply(ExpectedConditions.java:300)
	at org.openqa.selenium.support.ui.ExpectedConditions$10.apply(ExpectedConditions.java:297)
	at org.openqa.selenium.support.ui.FluentWait.until(FluentWait.java:249)
	at utilities.WaitHelper.WaitForElement(WaitHelper.java:17)
	at PageObjects.kycPage_Objects.clickProfileImage(kycPage_Objects.java:190)
	at stepDefinitions.steps_loginPage.user_clicks_on_profile_icon_and_then_username(steps_loginPage.java:195)
	at ✽.User clicks on profile icon and then username(file:///Users/adnan/Desktop/Projects/selenium/src/test/resources/kycPage.feature:49)
</error>
    <system-out>
@LoginValidation1
Scenario Outline: Submit KYC form with valid data                                 # src/test/resources/kycPage.feature:61
 INFO [main] (steps_loginPage.java:86) - ********************* Opening URL *********************
  Given User is on the login page                                                 # stepDefinitions.steps_loginPage.user_is_on_the_login_page()
 INFO [main] (steps_loginPage.java:123) - ********************* Providing username and password *********************
  When User is providing an email &quot;alia.dnan38@gmail.com&quot; and password &quot;A1122a@@&quot; # stepDefinitions.steps_loginPage.user_is_providing_a_valid_email_and_password(java.lang.String,java.lang.String)
  And clicks on the &quot;Login&quot; button                                                # stepDefinitions.steps_loginPage.clicks_on_the_required_button(java.lang.String)
  And User clicks on profile icon and then username                               # stepDefinitions.steps_loginPage.user_clicks_on_profile_icon_and_then_username()
      org.openqa.selenium.WebDriverException: chrome not reachable
  (Session info: chrome=90.0.4430.85)
Build info: version: &apos;3.141.59&apos;, revision: &apos;e82be7d358&apos;, time: &apos;2018-11-14T08:17:03&apos;
System info: host: &apos;Amjads-MacBook-Pro.local&apos;, ip: &apos;2400:adc5:131:6400:0:0:0:5%en0&apos;, os.name: &apos;Mac OS X&apos;, os.arch: &apos;x86_64&apos;, os.version: &apos;10.16&apos;, java.version: &apos;15.0.2&apos;
Driver info: org.openqa.selenium.chrome.ChromeDriver
Capabilities {acceptInsecureCerts: false, browserName: chrome, browserVersion: 90.0.4430.85, chrome: {chromedriverVersion: 89.0.4389.23 (61b08ee2c5002..., userDataDir: /var/folders/g5/_sr9_ck1351...}, goog:chromeOptions: {debuggerAddress: localhost:59562}, javascriptEnabled: true, networkConnectionEnabled: false, pageLoadStrategy: normal, platform: MAC, platformName: MAC, proxy: Proxy(), setWindowRect: true, strictFileInteractability: false, timeouts: {implicit: 0, pageLoad: 300000, script: 30000}, unhandledPromptBehavior: dismiss and notify, webauthn:extension:largeBlob: true, webauthn:virtualAuthenticators: true}
Session ID: d76d22afc405a30b5597f2e52bfb7e9e
*** Element info: {Using=xpath, value=//header/div[1]/div[1]/nav[1]/div[1]/div[3]/div[3]/div[1]/span[1]/img[1]}
	at java.base/jdk.internal.reflect.NativeConstructorAccessorImpl.newInstance0(Native Method)
	at java.base/jdk.internal.reflect.NativeConstructorAccessorImpl.newInstance(NativeConstructorAccessorImpl.java:64)
	at java.base/jdk.internal.reflect.DelegatingConstructorAccessorImpl.newInstance(DelegatingConstructorAccessorImpl.java:45)
	at java.base/java.lang.reflect.Constructor.newInstanceWithCaller(Constructor.java:500)
	at java.base/java.lang.reflect.Constructor.newInstance(Constructor.java:481)
	at org.openqa.selenium.remote.http.W3CHttpResponseCodec.createException(W3CHttpResponseCodec.java:187)
	at org.openqa.selenium.remote.http.W3CHttpResponseCodec.decode(W3CHttpResponseCodec.java:122)
	at org.openqa.selenium.remote.http.W3CHttpResponseCodec.decode(W3CHttpResponseCodec.java:49)
	at org.openqa.selenium.remote.HttpCommandExecutor.execute(HttpCommandExecutor.java:158)
	at org.openqa.selenium.remote.service.DriverCommandExecutor.execute(DriverCommandExecutor.java:83)
	at org.openqa.selenium.remote.RemoteWebDriver.execute(RemoteWebDriver.java:552)
	at org.openqa.selenium.remote.RemoteWebDriver.findElement(RemoteWebDriver.java:323)
	at org.openqa.selenium.remote.RemoteWebDriver.findElementByXPath(RemoteWebDriver.java:428)
	at org.openqa.selenium.By$ByXPath.findElement(By.java:353)
	at org.openqa.selenium.remote.RemoteWebDriver.findElement(RemoteWebDriver.java:315)
	at org.openqa.selenium.support.pagefactory.DefaultElementLocator.findElement(DefaultElementLocator.java:69)
	at org.openqa.selenium.support.pagefactory.internal.LocatingElementHandler.invoke(LocatingElementHandler.java:38)
	at com.sun.proxy.$Proxy20.isDisplayed(Unknown Source)
	at org.openqa.selenium.support.ui.ExpectedConditions.elementIfVisible(ExpectedConditions.java:314)
	at org.openqa.selenium.support.ui.ExpectedConditions.access$000(ExpectedConditions.java:43)
	at org.openqa.selenium.support.ui.ExpectedConditions$10.apply(ExpectedConditions.java:300)
	at org.openqa.selenium.support.ui.ExpectedConditions$10.apply(ExpectedConditions.java:297)
	at org.openqa.selenium.support.ui.FluentWait.until(FluentWait.java:249)
	at utilities.WaitHelper.WaitForElement(WaitHelper.java:17)
	at PageObjects.kycPage_Objects.clickProfileImage(kycPage_Objects.java:190)
	at stepDefinitions.steps_loginPage.user_clicks_on_profile_icon_and_then_username(steps_loginPage.java:195)
	at ���.User clicks on profile icon and then username(file:///Users/adnan/Desktop/Projects/selenium/src/test/resources/kycPage.feature:49)

  And User lands on Profile Dashboard page                                        # stepDefinitions.steps_loginPage.user_lands_on_profile_dashboard_page()
  And clicks on profile link                                                      # stepDefinitions.steps_loginPage.clicks_on_profile_link()
  And clicks on KYC application link                                              # stepDefinitions.steps_loginPage.clicks_on_kyc_application_link()
  Then User lands on the KYC application form                                     # stepDefinitions.steps_loginPage.user_lands_on_the_kyc_application_form()
  And provide KYC form details                                                    # stepDefinitions.steps_loginPage.provide_kyc_form_details()
  And click on Submit button                                                      # stepDefinitions.steps_loginPage.click_on_submit_button()
  Then User can see &quot;&quot; as a success message                                       # stepDefinitions.steps_loginPage.user_can_see_as_a_success_message(java.lang.String)
  And Close the browser                                                           # stepDefinitions.steps_loginPage.close_the_browser()
</system-out>
    <system-err>Starting ChromeDriver 89.0.4389.23 (61b08ee2c50024bab004e48d2b1b083cdbdac579-refs/branch-heads/4389@{#294}) on port 34939
Only local connections are allowed.
Please see https://chromedriver.chromium.org/security-considerations for suggestions on keeping ChromeDriver safe.
ChromeDriver was started successfully.
[1619430247.293][WARNING]: This version of ChromeDriver has not been tested with Chrome version 90.
Apr 26, 2021 2:44:07 PM org.openqa.selenium.remote.ProtocolHandshake createSession
INFO: Detected dialect: W3C
</system-err>
  </testcase>
</testsuite>